C:\Program Files (x86)\Microsoft Visual Studio\2019\Community\MSBuild\Microsoft\VC\v160\Microsoft.CppBuild.targets(452,5): warning MSB8028: The intermediate directory (Debug\) contains files shared from another project (LearnOpenGLin10days.vcxproj).  This can lead to incorrect clean and rebuild behavior.
  MyFirstOpenGL.cpp
C:\Users\DELL EMC\source\repos\LearnOpenGLin10days2\LearnOpenGLin10days\Mesh.h(53,21): warning C4018: '<': signed/unsigned mismatch
C:\Users\DELL EMC\source\repos\LearnOpenGLin10days2\LearnOpenGLin10days\Model.h(46,20): warning C4018: '<': signed/unsigned mismatch
C:\Users\DELL EMC\source\repos\LearnOpenGLin10days2\LearnOpenGLin10days\MyFirstOpenGL.cpp(30,22): warning C4305: 'initializing': truncation from 'double' to 'float'
C:\Users\DELL EMC\source\repos\LearnOpenGLin10days2\LearnOpenGLin10days\MyFirstOpenGL.cpp(244,29): warning C4244: '=': conversion from 'double' to 'float', possible loss of data
C:\Users\DELL EMC\source\repos\LearnOpenGLin10days2\LearnOpenGLin10days\MyFirstOpenGL.cpp(277,51): warning C4305: 'argument': truncation from 'double' to 'float'
C:\Users\DELL EMC\source\repos\LearnOpenGLin10days2\LearnOpenGLin10days\MyFirstOpenGL.cpp(278,55): warning C4305: 'argument': truncation from 'double' to 'float'
C:\Users\DELL EMC\source\repos\LearnOpenGLin10days2\LearnOpenGLin10days\MyFirstOpenGL.cpp(285,51): warning C4305: 'argument': truncation from 'double' to 'float'
C:\Users\DELL EMC\source\repos\LearnOpenGLin10days2\LearnOpenGLin10days\MyFirstOpenGL.cpp(286,55): warning C4305: 'argument': truncation from 'double' to 'float'
C:\Users\DELL EMC\source\repos\LearnOpenGLin10days2\LearnOpenGLin10days\MyFirstOpenGL.cpp(293,51): warning C4305: 'argument': truncation from 'double' to 'float'
C:\Users\DELL EMC\source\repos\LearnOpenGLin10days2\LearnOpenGLin10days\MyFirstOpenGL.cpp(294,55): warning C4305: 'argument': truncation from 'double' to 'float'
C:\Users\DELL EMC\source\repos\LearnOpenGLin10days2\LearnOpenGLin10days\MyFirstOpenGL.cpp(301,51): warning C4305: 'argument': truncation from 'double' to 'float'
C:\Users\DELL EMC\source\repos\LearnOpenGLin10days2\LearnOpenGLin10days\MyFirstOpenGL.cpp(302,55): warning C4305: 'argument': truncation from 'double' to 'float'
C:\Users\DELL EMC\source\repos\LearnOpenGLin10days2\LearnOpenGLin10days\MyFirstOpenGL.cpp(315,47): warning C4305: 'argument': truncation from 'double' to 'float'
C:\Users\DELL EMC\source\repos\LearnOpenGLin10days2\LearnOpenGLin10days\MyFirstOpenGL.cpp(316,51): warning C4305: 'argument': truncation from 'double' to 'float'
C:\Users\DELL EMC\source\repos\LearnOpenGLin10days2\LearnOpenGLin10days\MyFirstOpenGL.cpp(439,21): warning C4305: '+=': truncation from 'double' to 'float'
C:\Users\DELL EMC\source\repos\LearnOpenGLin10days2\LearnOpenGLin10days\MyFirstOpenGL.cpp(443,21): warning C4305: '-=': truncation from 'double' to 'float'
C:\Users\DELL EMC\source\repos\LearnOpenGLin10days2\LearnOpenGLin10days\MyFirstOpenGL.cpp(480,11): warning C4244: '=': conversion from 'double' to 'float', possible loss of data
C:\Users\DELL EMC\source\repos\LearnOpenGLin10days2\LearnOpenGLin10days\MyFirstOpenGL.cpp(481,11): warning C4244: '=': conversion from 'double' to 'float', possible loss of data
C:\Users\DELL EMC\source\repos\LearnOpenGLin10days2\LearnOpenGLin10days\MyFirstOpenGL.cpp(484,16): warning C4244: 'initializing': conversion from 'double' to 'float', possible loss of data
C:\Users\DELL EMC\source\repos\LearnOpenGLin10days2\LearnOpenGLin10days\MyFirstOpenGL.cpp(485,16): warning C4244: 'initializing': conversion from 'double' to 'float', possible loss of data
C:\Users\DELL EMC\source\repos\LearnOpenGLin10days2\LearnOpenGLin10days\MyFirstOpenGL.cpp(486,10): warning C4244: '=': conversion from 'double' to 'float', possible loss of data
C:\Users\DELL EMC\source\repos\LearnOpenGLin10days2\LearnOpenGLin10days\MyFirstOpenGL.cpp(487,10): warning C4244: '=': conversion from 'double' to 'float', possible loss of data
C:\Users\DELL EMC\source\repos\LearnOpenGLin10days2\LearnOpenGLin10days\MyFirstOpenGL.cpp(494,28): warning C4244: 'argument': conversion from 'double' to 'float', possible loss of data
  LearnOpenGLin10days.vcxproj -> C:\Users\DELL EMC\source\repos\LearnOpenGLin10days2\Debug\LearnOpenGLin10days2.exe
