C:\Program Files (x86)\Microsoft Visual Studio\2019\Community\MSBuild\Microsoft\VC\v160\Microsoft.CppBuild.targets(452,5): warning MSB8028: The intermediate directory (Debug\) contains files shared from another project (LearnOpenGLin10days.vcxproj).  This can lead to incorrect clean and rebuild behavior.
  MyFirstOpenGL.cpp
C:\Users\DELL EMC\source\repos\LearnOpenGLin10days2\LearnOpenGLin10days\Mesh.h(53,21): warning C4018: '<': signed/unsigned mismatch
C:\Users\DELL EMC\source\repos\LearnOpenGLin10days2\LearnOpenGLin10days\Model.h(46,20): warning C4018: '<': signed/unsigned mismatch
C:\Users\DELL EMC\source\repos\LearnOpenGLin10days2\LearnOpenGLin10days\MyFirstOpenGL.cpp(306,22): warning C4244: 'initializing': conversion from 'double' to 'float', possible loss of data
C:\Users\DELL EMC\source\repos\LearnOpenGLin10days2\LearnOpenGLin10days\MyFirstOpenGL.cpp(487,11): warning C4244: '=': conversion from 'double' to 'float', possible loss of data
C:\Users\DELL EMC\source\repos\LearnOpenGLin10days2\LearnOpenGLin10days\MyFirstOpenGL.cpp(488,11): warning C4244: '=': conversion from 'double' to 'float', possible loss of data
C:\Users\DELL EMC\source\repos\LearnOpenGLin10days2\LearnOpenGLin10days\MyFirstOpenGL.cpp(492,16): warning C4244: 'initializing': conversion from 'double' to 'float', possible loss of data
C:\Users\DELL EMC\source\repos\LearnOpenGLin10days2\LearnOpenGLin10days\MyFirstOpenGL.cpp(493,16): warning C4244: 'initializing': conversion from 'double' to 'float', possible loss of data
C:\Users\DELL EMC\source\repos\LearnOpenGLin10days2\LearnOpenGLin10days\MyFirstOpenGL.cpp(495,10): warning C4244: '=': conversion from 'double' to 'float', possible loss of data
C:\Users\DELL EMC\source\repos\LearnOpenGLin10days2\LearnOpenGLin10days\MyFirstOpenGL.cpp(496,10): warning C4244: '=': conversion from 'double' to 'float', possible loss of data
C:\Users\DELL EMC\source\repos\LearnOpenGLin10days2\LearnOpenGLin10days\MyFirstOpenGL.cpp(505,28): warning C4244: 'argument': conversion from 'double' to 'float', possible loss of data
C:\Users\DELL EMC\source\repos\LearnOpenGLin10days2\LearnOpenGLin10days\MyFirstOpenGL.cpp(692,13): warning C4244: 'initializing': conversion from 'double' to 'int', possible loss of data
glfw3.lib(context.obj) : warning LNK4099: PDB 'glfw.pdb' was not found with 'glfw3.lib(context.obj)' or at 'C:\Users\DELL EMC\source\repos\LearnOpenGLin10days2\Debug\glfw.pdb'; linking object as if no debug info
glfw3.lib(init.obj) : warning LNK4099: PDB 'glfw.pdb' was not found with 'glfw3.lib(init.obj)' or at 'C:\Users\DELL EMC\source\repos\LearnOpenGLin10days2\Debug\glfw.pdb'; linking object as if no debug info
glfw3.lib(input.obj) : warning LNK4099: PDB 'glfw.pdb' was not found with 'glfw3.lib(input.obj)' or at 'C:\Users\DELL EMC\source\repos\LearnOpenGLin10days2\Debug\glfw.pdb'; linking object as if no debug info
glfw3.lib(monitor.obj) : warning LNK4099: PDB 'glfw.pdb' was not found with 'glfw3.lib(monitor.obj)' or at 'C:\Users\DELL EMC\source\repos\LearnOpenGLin10days2\Debug\glfw.pdb'; linking object as if no debug info
glfw3.lib(vulkan.obj) : warning LNK4099: PDB 'glfw.pdb' was not found with 'glfw3.lib(vulkan.obj)' or at 'C:\Users\DELL EMC\source\repos\LearnOpenGLin10days2\Debug\glfw.pdb'; linking object as if no debug info
glfw3.lib(window.obj) : warning LNK4099: PDB 'glfw.pdb' was not found with 'glfw3.lib(window.obj)' or at 'C:\Users\DELL EMC\source\repos\LearnOpenGLin10days2\Debug\glfw.pdb'; linking object as if no debug info
glfw3.lib(win32_init.obj) : warning LNK4099: PDB 'glfw.pdb' was not found with 'glfw3.lib(win32_init.obj)' or at 'C:\Users\DELL EMC\source\repos\LearnOpenGLin10days2\Debug\glfw.pdb'; linking object as if no debug info
glfw3.lib(win32_joystick.obj) : warning LNK4099: PDB 'glfw.pdb' was not found with 'glfw3.lib(win32_joystick.obj)' or at 'C:\Users\DELL EMC\source\repos\LearnOpenGLin10days2\Debug\glfw.pdb'; linking object as if no debug info
glfw3.lib(win32_monitor.obj) : warning LNK4099: PDB 'glfw.pdb' was not found with 'glfw3.lib(win32_monitor.obj)' or at 'C:\Users\DELL EMC\source\repos\LearnOpenGLin10days2\Debug\glfw.pdb'; linking object as if no debug info
glfw3.lib(win32_time.obj) : warning LNK4099: PDB 'glfw.pdb' was not found with 'glfw3.lib(win32_time.obj)' or at 'C:\Users\DELL EMC\source\repos\LearnOpenGLin10days2\Debug\glfw.pdb'; linking object as if no debug info
glfw3.lib(win32_thread.obj) : warning LNK4099: PDB 'glfw.pdb' was not found with 'glfw3.lib(win32_thread.obj)' or at 'C:\Users\DELL EMC\source\repos\LearnOpenGLin10days2\Debug\glfw.pdb'; linking object as if no debug info
glfw3.lib(win32_window.obj) : warning LNK4099: PDB 'glfw.pdb' was not found with 'glfw3.lib(win32_window.obj)' or at 'C:\Users\DELL EMC\source\repos\LearnOpenGLin10days2\Debug\glfw.pdb'; linking object as if no debug info
glfw3.lib(wgl_context.obj) : warning LNK4099: PDB 'glfw.pdb' was not found with 'glfw3.lib(wgl_context.obj)' or at 'C:\Users\DELL EMC\source\repos\LearnOpenGLin10days2\Debug\glfw.pdb'; linking object as if no debug info
glfw3.lib(egl_context.obj) : warning LNK4099: PDB 'glfw.pdb' was not found with 'glfw3.lib(egl_context.obj)' or at 'C:\Users\DELL EMC\source\repos\LearnOpenGLin10days2\Debug\glfw.pdb'; linking object as if no debug info
glfw3.lib(osmesa_context.obj) : warning LNK4099: PDB 'glfw.pdb' was not found with 'glfw3.lib(osmesa_context.obj)' or at 'C:\Users\DELL EMC\source\repos\LearnOpenGLin10days2\Debug\glfw.pdb'; linking object as if no debug info
  LearnOpenGLin10days.vcxproj -> C:\Users\DELL EMC\source\repos\LearnOpenGLin10days2\Debug\LearnOpenGLin10days2.exe
